<?xml version="1.0" encoding="UTF-8"?>
<testng-results ignored="0" total="1" passed="1" failed="0" skipped="0">
  <reporter-output>
  </reporter-output>
  <suite started-at="2023-10-09T15:48:46 IST" name="Default suite" finished-at="2023-10-09T15:48:53 IST" duration-ms="7161">
    <groups>
    </groups>
    <test started-at="2023-10-09T15:48:46 IST" name="Default test" finished-at="2023-10-09T15:48:53 IST" duration-ms="7161">
      <class name="com.CRM.QA.TestCases.LoginPageTest">
        <test-method is-config="true" signature="setUP()[pri:0, instance:com.CRM.QA.TestCases.LoginPageTest@67c33749]" started-at="2023-10-09T15:48:46 IST" name="setUP" finished-at="2023-10-09T15:48:52 IST" duration-ms="6797" status="PASS">
          <reporter-output>
          </reporter-output>
        </test-method> <!-- setUP -->
        <test-method signature="Login()[pri:0, instance:com.CRM.QA.TestCases.LoginPageTest@67c33749]" started-at="2023-10-09T15:48:52 IST" name="Login" finished-at="2023-10-09T15:48:53 IST" duration-ms="331" status="PASS">
          <reporter-output>
          </reporter-output>
        </test-method> <!-- Login -->
      </class> <!-- com.CRM.QA.TestCases.LoginPageTest -->
    </test> <!-- Default test -->
  </suite> <!-- Default suite -->
</testng-results>
